library/build/outputs/logs/manifest-merger-debug-report.txt
-- Merging decision tree log ---
manifest
ADDED from Krooms\library\AndroidManifest.xml:1:1-3:12
INJECTED from Krooms\library\AndroidManifest.xml:1:1-3:12
INJECTED from Krooms\library\AndroidManifest.xml:1:1-3:12
	package
		ADDED from Krooms\library\AndroidManifest.xml:1:11-46
		INJECTED from Krooms\library\AndroidManifest.xml
		INJECTED from Krooms\library\AndroidManifest.xml